1524898193440	geckodriver	INFO	geckodriver 0.20.1
1524898193449	geckodriver	INFO	Listening on 127.0.0.1:52920
1524898196404	mozrunner::runner	INFO	Running command: "C:\\Program Files (x86)\\Mozilla Firefox\\firefox.exe" "-marionette" "-profile" "C:\\Users\\hk\\AppData\\Local\\Temp\\rust_mozprofile.hsyNp6NuHJSb"
[GFX1]: Potential driver version mismatch ignored due to missing DLLs igd10umd64 v= and igd10iumd64 v=
1524898200118	Marionette	INFO	Enabled via --marionette
[GFX1]: Potential driver version mismatch ignored due to missing DLLs igd10umd64 v= and igd10iumd64 v=
[GFX1]: Potential driver version mismatch ignored due to missing DLLs igd10umd64 v= and igd10iumd64 v=
1524898203170	Marionette	INFO	Listening on port 52929
[GFX1]: Potential driver version mismatch ignored due to missing DLLs igd10umd64 v= and igd10iumd64 v=
1524898205550	Marionette	WARN	TLS certificate errors will be ignored for this session
Unable to read VR Path Registry from C:\Users\hk\AppData\Local\openvr\openvrpaths.vrpath
JavaScript warning: http://static.mediav.com/mv.js, line 1: unreachable code after return statement
JavaScript warning: http://hotel.qunar.com/city/shanghai_city/#fromDate=2018-04-29&cityurl=shanghai_city&from=qunarHotel&toDate=2018-04-30, line 67: String.trim is deprecated; use String.prototype.trim instead
JavaScript warning: http://te.hotel.qunar.com/render/te, line 1: unreachable code after return statement
JavaScript warning: http://te.hotel.qunar.com/render/te line 1 > eval, line 1: unreachable code after return statement
[GFX1]: Potential driver version mismatch ignored due to missing DLLs igd10umd64 v= and igd10iumd64 v=
Unable to read VR Path Registry from C:\Users\hk\AppData\Local\openvr\openvrpaths.vrpath
[Child 21716, Chrome_ChildThread] WARNING: pipe error: 109: file z:/build/build/src/ipc/chromium/src/chrome/common/ipc_channel_win.cc, line 346
[Child 21716, Chrome_ChildThread] WARNING: pipe error: 109: file z:/build/build/src/ipc/chromium/src/chrome/common/ipc_channel_win.cc, line 346
ine 1: Using //@ to indicate sourceMappingURL pragmas is deprecated. Use //# instead
JavaScript warning: https://csdnimg.cn/rabbit/exposure-click/main-1.0.5.js, line 556: unreachable code after return statement
JavaScript warning: https://csdnimg.cn/rabbit/exposure-click/main-1.0.5.js, line 556: unreachable code after return statement
JavaScript warning: https://csdnimg.cn/public/common/libs/jquery/jquery-1.9.1.min.js, line 1: Using //@ to indicate sourceMappingURL pragmas is deprecated. Use //# instead
JavaScript warning: https://csdnimg.cn/rabbit/exposure-click/main-1.0.5.js, line 556: unreachable code after return statement
JavaScript warning: https://csdnimg.cn/rabbit/exposure-click/main-1.0.5.js, line 556: unreachable code after return statement
